1606036168287	geckodriver	INFO	Listening on 127.0.0.1:54226
1606036171313	mozrunner::runner	INFO	Running command: "C:\\Program Files\\Mozilla Firefox\\firefox.exe" "--marionette" "-foreground" "-no-remote" "-profile" "C:\\Users\\27236\\AppData\\Local\\Temp\\rust_mozprofileoOm25H"
Can't find symbol 'eglSwapBuffersWithDamageEXT'.
Can't find symbol 'eglSetDamageRegionKHR'.
JavaScript error: resource://gre/modules/XULStore.jsm, line 66: Error: Can't find profile directory.
console.warn: SearchSettings: "get: No settings file exists, new profile?" (new Error("", "(unknown module)"))
1606036174933	Marionette	INFO	Listening on port 54235
1606036175008	Marionette	WARN	TLS certificate errors will be ignored for this session
console.error: Region.jsm: "Error fetching region" (new Error("TIMEOUT", "resource://gre/modules/Region.jsm", 726))
console.error: Region.jsm: "Failed to fetch region" (new Error("TIMEOUT", "resource://gre/modules/Region.jsm", 376))
1606036190207	Marionette	INFO	Stopped listening on port 54235

###!!! [Child][RunMessage] Error: Channel closing: too late to send/recv, messages will be lost


###!!! [Child][MessageChannel::SendAndWait] Error: Channel error: cannot send/recv

1606036202399	geckodriver	INFO	Listening on 127.0.0.1:54319
1606036205438	mozrunner::runner	INFO	Running command: "C:\\Program Files\\Mozilla Firefox\\firefox.exe" "--marionette" "-foreground" "-no-remote" "-profile" "C:\\Users\\27236\\AppData\\Local\\Temp\\rust_mozprofileyBptZG"
Can't find symbol 'eglSwapBuffersWithDamageEXT'.
Can't find symbol 'eglSetDamageRegionKHR'.
JavaScript error: resource://gre/modules/XULStore.jsm, line 66: Error: Can't find profile directory.
console.warn: SearchSettings: "get: No settings file exists, new profile?" (new Error("", "(unknown module)"))
1606036208968	Marionette	INFO	Listening on port 54328
1606036209146	Marionette	WARN	TLS certificate errors will be ignored for this session
1606036224053	Marionette	INFO	Stopped listening on port 54328

###!!! [Child][RunMessage] Error: Channel closing: too late to send/recv, messages will be lost


###!!! [Child][MessageChannel::SendAndWait] Error: Channel error: cannot send/recv

1606036232753	geckodriver	INFO	Listening on 127.0.0.1:54413
1606036235790	mozrunner::runner	INFO	Running command: "C:\\Program Files\\Mozilla Firefox\\firefox.exe" "--marionette" "-foreground" "-no-remote" "-profile" "C:\\Users\\27236\\AppData\\Local\\Temp\\rust_mozprofileuttCBM"
Can't find symbol 'eglSwapBuffersWithDamageEXT'.
Can't find symbol 'eglSetDamageRegionKHR'.
JavaScript error: resource://gre/modules/XULStore.jsm, line 66: Error: Can't find profile directory.
console.warn: SearchSettings: "get: No settings file exists, new profile?" (new Error("", "(unknown module)"))
1606036239491	Marionette	INFO	Listening on port 54422
1606036239970	Marionette	WARN	TLS certificate errors will be ignored for this session
console.error: Region.jsm: "Error fetching region" (new Error("TIMEOUT", "resource://gre/modules/Region.jsm", 726))
console.error: Region.jsm: "Failed to fetch region" (new Error("TIMEOUT", "resource://gre/modules/Region.jsm", 376))
1606036278467	Marionette	INFO	Stopped listening on port 54422

###!!! [Child][RunMessage] Error: Channel closing: too late to send/recv, messages will be lost


###!!! [Child][MessageChannel::SendAndWait] Error: Channel error: cannot send/recv

1606036290202	geckodriver	INFO	Listening on 127.0.0.1:54548
1606036293232	mozrunner::runner	INFO	Running command: "C:\\Program Files\\Mozilla Firefox\\firefox.exe" "--marionette" "-foreground" "-no-remote" "-profile" "C:\\Users\\27236\\AppData\\Local\\Temp\\rust_mozprofilepSdWaY"
Can't find symbol 'eglSwapBuffersWithDamageEXT'.
Can't find symbol 'eglSetDamageRegionKHR'.
JavaScript error: resource://gre/modules/XULStore.jsm, line 66: Error: Can't find profile directory.
console.warn: SearchSettings: "get: No settings file exists, new profile?" (new Error("", "(unknown module)"))
1606036296892	Marionette	INFO	Listening on port 54557
1606036296919	Marionette	WARN	TLS certificate errors will be ignored for this session
console.error: Region.jsm: "Error fetching region" (new Error("TIMEOUT", "resource://gre/modules/Region.jsm", 726))
console.error: Region.jsm: "Failed to fetch region" (new Error("TIMEOUT", "resource://gre/modules/Region.jsm", 376))
1606036369925	Marionette	INFO	Stopped listening on port 54557

###!!! [Child][RunMessage] Error: Channel closing: too late to send/recv, messages will be lost


###!!! [Child][MessageChannel::SendAndWait] Error: Channel error: cannot send/recv

Temp\\rust_mozprofileeqQQTF"
Can't find symbol 'eglSwapBuffersWithDamageEXT'.
Can't find symbol 'eglSetDamageRegionKHR'.
JavaScript error: resource://gre/modules/XULStore.jsm, line 66: Error: Can't find profile directory.
console.warn: SearchSettings: "get: No settings file exists, new profile?" (new Error("", "(unknown module)"))
1606036345928	Marionette	INFO	Listening on port 54701
1606036345952	Marionette	WARN	TLS certificate errors will be ignored for this session
Can't find symbol 'eglSwapBuffersWithDamageEXT'.
Can't find symbol 'eglSetDamageRegionKHR'.
JavaScript warning: https://wappass.baidu.com/static/touch/js/lib/fingerprint.js, line 1: WebGL warning: linkProgram: Must have a compiled vertex shader attached.
JavaScript warning: https://wappass.baidu.com/static/touch/js/lib/fingerprint.js, line 1: WebGL warning: useProgram: Program must be linked successfully.
JavaScript warning: https://wappass.baidu.com/static/touch/js/lib/fingerprint.js, line 1: WebGL warning: vertexAttribI?Pointer: `index` (4294967295) must be < MAX_VERTEX_ATTRIBS.
JavaScript warning: https://wappass.baidu.com/static/touch/js/lib/fingerprint.js, line 1: WebGL warning: uniform setter: No active linked Program.
JavaScript warning: https://wappass.baidu.com/static/touch/js/lib/fingerprint.js, line 1: WebGL warning: drawArraysInstanced: The current program is not linked.
1606036365204	Marionette	INFO	Stopped listening on port 54701

###!!! [Child][MessageChannel::SendAndWait] Error: Channel error: cannot send/recv

